<?xml version="1.0" encoding="UTF-8"?>
<testsuite xmlns:xsi="http://www.w3.org/2001/XMLSchema-instance" xsi:noNamespaceSchemaLocation="https://maven.apache.org/surefire/maven-surefire-plugin/xsd/surefire-test-report-3.0.xsd" version="3.0" name="com.bookstore.repository.CategoryRepositoryTest" time="5.664" tests="1" errors="0" skipped="0" failures="0">
  <properties>
[...]
</properties>
  <testcase name="findByParentIsNullAndIsActiveTrueOrderBySortOrderAsc_shouldReturnOnlyActiveRootsSorted" classname="com.bookstore.repository.CategoryRepositoryTest" time="0.531">
    <system-out><![CDATA[17:41:06.845 [main] INFO org.springframework.test.context.support.AnnotationConfigContextLoaderUtils -- Could not detect default configuration classes for test class [com.bookstore.repository.CategoryRepositoryTest]: CategoryRepositoryTest does not declare any static, non-private, non-final, nested classes annotated with @Configuration.
17:41:06.966 [main] INFO org.springframework.boot.test.context.SpringBootTestContextBootstrapper -- Found @SpringBootConfiguration com.BookStoreApplication for test class com.bookstore.repository.CategoryRepositoryTest
17:41:07.027 [main] INFO org.springframework.boot.devtools.restart.RestartApplicationListener -- Restart disabled due to context in which it is running

  .   ____          _            __ _ _
 /\\ / ___'_ __ _ _(_)_ __  __ _ \ \ \ \
( ( )\___ | '_ | '_| | '_ \/ _` | \ \ \ \
 \\/  ___)| |_)| | | | | || (_| |  ) ) ) )
  '  |____| .__|_| |_|_| |_\__, | / / / /
 =========|_|==============|___/=/_/_/_/

 :: Spring Boot ::                (v3.3.5)

2026-04-05T17:41:07.398+07:00  INFO 26228 --- [BookStore] [           main] c.b.repository.CategoryRepositoryTest    : Starting CategoryRepositoryTest using Java 21.0.8 with PID 26228 (started by Admin in D:\BookStore\backend)
2026-04-05T17:41:07.399+07:00 DEBUG 26228 --- [BookStore] [           main] c.b.repository.CategoryRepositoryTest    : Running with Spring Boot v3.3.5, Spring v6.1.14
2026-04-05T17:41:07.400+07:00  INFO 26228 --- [BookStore] [           main] c.b.repository.CategoryRepositoryTest    : No active profile set, falling back to 1 default profile: "default"
2026-04-05T17:41:08.440+07:00  INFO 26228 --- [BookStore] [           main] .s.d.r.c.RepositoryConfigurationDelegate : Multiple Spring Data modules found, entering strict repository configuration mode
2026-04-05T17:41:08.441+07:00  INFO 26228 --- [BookStore] [           main] .s.d.r.c.RepositoryConfigurationDelegate : Bootstrapping Spring Data JPA repositories in DEFAULT mode.
2026-04-05T17:41:08.810+07:00  INFO 26228 --- [BookStore] [           main] .s.d.r.c.RepositoryConfigurationDelegate : Finished Spring Data repository scanning in 361 ms. Found 13 JPA repository interfaces.
2026-04-05T17:41:08.877+07:00  INFO 26228 --- [BookStore] [           main] beddedDataSourceBeanFactoryPostProcessor : Replacing 'dataSource' DataSource bean with embedded version
2026-04-05T17:41:09.101+07:00  INFO 26228 --- [BookStore] [           main] o.s.j.d.e.EmbeddedDatabaseFactory        : Starting embedded database: url='jdbc:h2:mem:5bbf3d36-0c61-409c-a18b-395289ef55ec;DB_CLOSE_DELAY=-1;DB_CLOSE_ON_EXIT=false', username='sa'
2026-04-05T17:41:09.387+07:00  INFO 26228 --- [BookStore] [           main] o.hibernate.jpa.internal.util.LogHelper  : HHH000204: Processing PersistenceUnitInfo [name: default]
2026-04-05T17:41:09.443+07:00  INFO 26228 --- [BookStore] [           main] org.hibernate.Version                    : HHH000412: Hibernate ORM core version 6.5.3.Final
2026-04-05T17:41:09.478+07:00  INFO 26228 --- [BookStore] [           main] o.h.c.internal.RegionFactoryInitiator    : HHH000026: Second-level cache disabled
2026-04-05T17:41:09.724+07:00  INFO 26228 --- [BookStore] [           main] o.s.o.j.p.SpringPersistenceUnitInfo      : No LoadTimeWeaver setup: ignoring JPA class transformer
2026-04-05T17:41:10.784+07:00  INFO 26228 --- [BookStore] [           main] o.h.e.t.j.p.i.JtaPlatformInitiator       : HHH000489: No JTA platform available (set 'hibernate.transaction.jta.platform' to enable JTA platform integration)
2026-04-05T17:41:10.797+07:00 DEBUG 26228 --- [BookStore] [           main] org.hibernate.SQL                        : 
    drop table if exists admins cascade 
Hibernate: 
    drop table if exists admins cascade 
2026-04-05T17:41:10.800+07:00 DEBUG 26228 --- [BookStore] [           main] org.hibernate.SQL                        : 
    drop table if exists authors cascade 
Hibernate: 
    drop table if exists authors cascade 
2026-04-05T17:41:10.800+07:00 DEBUG 26228 --- [BookStore] [           main] org.hibernate.SQL                        : 
    drop table if exists book_authors cascade 
Hibernate: 
    drop table if exists book_authors cascade 
2026-04-05T17:41:10.800+07:00 DEBUG 26228 --- [BookStore] [           main] org.hibernate.SQL                        : 
    drop table if exists book_images cascade 
Hibernate: 
    drop table if exists book_images cascade 
2026-04-05T17:41:10.800+07:00 DEBUG 26228 --- [BookStore] [           main] org.hibernate.SQL                        : 
    drop table if exists book_variants cascade 
Hibernate: 
    drop table if exists book_variants cascade 
2026-04-05T17:41:10.800+07:00 DEBUG 26228 --- [BookStore] [           main] org.hibernate.SQL                        : 
    drop table if exists books cascade 
Hibernate: 
    drop table if exists books cascade 
2026-04-05T17:41:10.802+07:00 DEBUG 26228 --- [BookStore] [           main] org.hibernate.SQL                        : 
    drop table if exists categories cascade 
Hibernate: 
    drop table if exists categories cascade 
2026-04-05T17:41:10.803+07:00 DEBUG 26228 --- [BookStore] [           main] org.hibernate.SQL                        : 
    drop table if exists customer_tiers cascade 
Hibernate: 
    drop table if exists customer_tiers cascade 
2026-04-05T17:41:10.803+07:00 DEBUG 26228 --- [BookStore] [           main] org.hibernate.SQL                        : 
    drop table if exists inventory cascade 
Hibernate: 
    drop table if exists inventory cascade 
2026-04-05T17:41:10.805+07:00 DEBUG 26228 --- [BookStore] [           main] org.hibernate.SQL                        : 
    drop table if exists otp_codes cascade 
Hibernate: 
    drop table if exists otp_codes cascade 
2026-04-05T17:41:10.805+07:00 DEBUG 26228 --- [BookStore] [           main] org.hibernate.SQL                        : 
    drop table if exists publishers cascade 
Hibernate: 
    drop table if exists publishers cascade 
2026-04-05T17:41:10.805+07:00 DEBUG 26228 --- [BookStore] [           main] org.hibernate.SQL                        : 
    drop table if exists refresh_tokens cascade 
Hibernate: 
    drop table if exists refresh_tokens cascade 
2026-04-05T17:41:10.805+07:00 DEBUG 26228 --- [BookStore] [           main] org.hibernate.SQL                        : 
    drop table if exists registration_pending cascade 
Hibernate: 
    drop table if exists registration_pending cascade 
2026-04-05T17:41:10.805+07:00 DEBUG 26228 --- [BookStore] [           main] org.hibernate.SQL                        : 
    drop table if exists users cascade 
Hibernate: 
    drop table if exists users cascade 
2026-04-05T17:41:10.810+07:00 DEBUG 26228 --- [BookStore] [           main] org.hibernate.SQL                        : 
    create table admins (
        is_active boolean,
        created_at timestamp(6),
        id bigint generated by default as identity,
        last_login_at timestamp(6),
        updated_at timestamp(6),
        avatar_url varchar(255),
        email varchar(255),
        full_name varchar(255),
        password_hash varchar(255),
        permissions varchar(255),
        role enum ('admin','staff','super_admin'),
        primary key (id)
    )
Hibernate: 
    create table admins (
        is_active boolean,
        created_at timestamp(6),
        id bigint generated by default as identity,
        last_login_at timestamp(6),
        updated_at timestamp(6),
        avatar_url varchar(255),
        email varchar(255),
        full_name varchar(255),
        password_hash varchar(255),
        permissions varchar(255),
        role enum ('admin','staff','super_admin'),
        primary key (id)
    )
2026-04-05T17:41:10.819+07:00 DEBUG 26228 --- [BookStore] [           main] org.hibernate.SQL                        : 
    create table authors (
        created_at timestamp(6),
        id bigint generated by default as identity,
        name varchar(150) not null,
        slug varchar(170) not null unique,
        image_url varchar(500),
        biography TEXT,
        primary key (id)
    )
Hibernate: 
    create table authors (
        created_at timestamp(6),
        id bigint generated by default as identity,
        name varchar(150) not null,
        slug varchar(170) not null unique,
        image_url varchar(500),
        biography TEXT,
        primary key (id)
    )
2026-04-05T17:41:10.822+07:00 DEBUG 26228 --- [BookStore] [           main] org.hibernate.SQL                        : 
    create table book_authors (
        is_primary boolean,
        author_id bigint not null,
        book_id bigint not null,
        primary key (author_id, book_id)
    )
Hibernate: 
    create table book_authors (
        is_primary boolean,
        author_id bigint not null,
        book_id bigint not null,
        primary key (author_id, book_id)
    )
2026-04-05T17:41:10.823+07:00 DEBUG 26228 --- [BookStore] [           main] org.hibernate.SQL                        : 
    create table book_images (
        is_primary boolean,
        sort_order integer,
        book_id bigint not null,
        created_at timestamp(6),
        id bigint generated by default as identity,
        image_url varchar(500) not null,
        alt_text varchar(255),
        primary key (id)
    )
Hibernate: 
    create table book_images (
        is_primary boolean,
        sort_order integer,
        book_id bigint not null,
        created_at timestamp(6),
        id bigint generated by default as identity,
        image_url varchar(500) not null,
        alt_text varchar(255),
        primary key (id)
    )
2026-04-05T17:41:10.824+07:00 DEBUG 26228 --- [BookStore] [           main] org.hibernate.SQL                        : 
    create table book_variants (
        compare_at_price numeric(12,2),
        is_active boolean,
        price numeric(12,2) not null,
        book_id bigint not null,
        created_at timestamp(6),
        id bigint generated by default as identity,
        publisher_id bigint not null,
        updated_at timestamp(6),
        sku varchar(50) not null unique,
        edition varchar(100),
        cover_image_url varchar(500),
        thumbnail_url varchar(500),
        cover_type enum ('hard','soft'),
        primary key (id)
    )
Hibernate: 
    create table book_variants (
        compare_at_price numeric(12,2),
        is_active boolean,
        price numeric(12,2) not null,
        book_id bigint not null,
        created_at timestamp(6),
        id bigint generated by default as identity,
        publisher_id bigint not null,
        updated_at timestamp(6),
        sku varchar(50) not null unique,
        edition varchar(100),
        cover_image_url varchar(500),
        thumbnail_url varchar(500),
        cover_type enum ('hard','soft'),
        primary key (id)
    )
2026-04-05T17:41:10.827+07:00 DEBUG 26228 --- [BookStore] [           main] org.hibernate.SQL                        : 
    create table books (
        avg_rating numeric(2,1),
        base_price numeric(12,2) not null,
        is_active boolean,
        is_featured boolean,
        pages integer,
        publication_year integer,
        review_count integer,
        sold_count integer,
        view_count integer,
        weight_grams integer,
        category_id bigint not null,
        created_at timestamp(6),
        id bigint generated by default as identity,
        publisher_id bigint not null,
        updated_at timestamp(6),
        isbn varchar(20) unique,
        dimensions varchar(50),
        language varchar(50),
        title varchar(300) not null,
        slug varchar(350) not null unique,
        description TEXT,
        cover_type enum ('hard','soft'),
        primary key (id)
    )
Hibernate: 
    create table books (
        avg_rating numeric(2,1),
        base_price numeric(12,2) not null,
        is_active boolean,
        is_featured boolean,
        pages integer,
        publication_year integer,
        review_count integer,
        sold_count integer,
        view_count integer,
        weight_grams integer,
        category_id bigint not null,
        created_at timestamp(6),
        id bigint generated by default as identity,
        publisher_id bigint not null,
        updated_at timestamp(6),
        isbn varchar(20) unique,
        dimensions varchar(50),
        language varchar(50),
        title varchar(300) not null,
        slug varchar(350) not null unique,
        description TEXT,
        cover_type enum ('hard','soft'),
        primary key (id)
    )
2026-04-05T17:41:10.831+07:00 DEBUG 26228 --- [BookStore] [           main] org.hibernate.SQL                        : 
    create table categories (
        is_active boolean,
        level integer,
        sort_order integer,
        created_at timestamp(6),
        id bigint generated by default as identity,
        parent_id bigint,
        updated_at timestamp(6),
        name varchar(100) not null,
        slug varchar(120) not null unique,
        image_url varchar(500),
        primary key (id)
    )
Hibernate: 
    create table categories (
        is_active boolean,
        level integer,
        sort_order integer,
        created_at timestamp(6),
        id bigint generated by default as identity,
        parent_id bigint,
        updated_at timestamp(6),
        name varchar(100) not null,
        slug varchar(120) not null unique,
        image_url varchar(500),
        primary key (id)
    )
2026-04-05T17:41:10.834+07:00 DEBUG 26228 --- [BookStore] [           main] org.hibernate.SQL                        : 
    create table customer_tiers (
        discount_percent smallint,
        min_spent numeric(38,2),
        created_at timestamp(6),
        id bigint generated by default as identity,
        benefits varchar(255),
        name varchar(255),
        primary key (id)
    )
Hibernate: 
    create table customer_tiers (
        discount_percent smallint,
        min_spent numeric(38,2),
        created_at timestamp(6),
        id bigint generated by default as identity,
        benefits varchar(255),
        name varchar(255),
        primary key (id)
    )
2026-04-05T17:41:10.835+07:00 DEBUG 26228 --- [BookStore] [           main] org.hibernate.SQL                        : 
    create table inventory (
        min_stock_level integer,
        quantity integer not null,
        reserved_quantity integer not null,
        last_restocked_at timestamp(6),
        updated_at timestamp(6),
        variant_id bigint not null,
        primary key (variant_id)
    )
Hibernate: 
    create table inventory (
        min_stock_level integer,
        quantity integer not null,
        reserved_quantity integer not null,
        last_restocked_at timestamp(6),
        updated_at timestamp(6),
        variant_id bigint not null,
        primary key (variant_id)
    )
2026-04-05T17:41:10.835+07:00 DEBUG 26228 --- [BookStore] [           main] org.hibernate.SQL                        : 
    create table otp_codes (
        is_used boolean,
        created_at timestamp(6),
        expires_at timestamp(6),
        id bigint generated by default as identity,
        user_id bigint,
        code varchar(255),
        email varchar(255),
        phone varchar(255),
        type enum ('register','reset_password','verify_email','verify_phone'),
        primary key (id)
    )
Hibernate: 
    create table otp_codes (
        is_used boolean,
        created_at timestamp(6),
        expires_at timestamp(6),
        id bigint generated by default as identity,
        user_id bigint,
        code varchar(255),
        email varchar(255),
        phone varchar(255),
        type enum ('register','reset_password','verify_email','verify_phone'),
        primary key (id)
    )
2026-04-05T17:41:10.837+07:00 DEBUG 26228 --- [BookStore] [           main] org.hibernate.SQL                        : 
    create table publishers (
        created_at timestamp(6),
        id bigint generated by default as identity,
        name varchar(150) not null,
        slug varchar(170) not null unique,
        logo_url varchar(500),
        primary key (id)
    )
Hibernate: 
    create table publishers (
        created_at timestamp(6),
        id bigint generated by default as identity,
        name varchar(150) not null,
        slug varchar(170) not null unique,
        logo_url varchar(500),
        primary key (id)
    )
2026-04-05T17:41:10.838+07:00 DEBUG 26228 --- [BookStore] [           main] org.hibernate.SQL                        : 
    create table refresh_tokens (
        created_at timestamp(6),
        expires_at timestamp(6),
        id bigint generated by default as identity,
        revoked_at timestamp(6),
        user_id bigint,
        token_hash CHAR(64) not null unique,
        primary key (id)
    )
Hibernate: 
    create table refresh_tokens (
        created_at timestamp(6),
        expires_at timestamp(6),
        id bigint generated by default as identity,
        revoked_at timestamp(6),
        user_id bigint,
        token_hash CHAR(64) not null unique,
        primary key (id)
    )
2026-04-05T17:41:10.840+07:00 DEBUG 26228 --- [BookStore] [           main] org.hibernate.SQL                        : 
    create table registration_pending (
        created_at timestamp(6),
        expires_at timestamp(6) not null,
        id bigint generated by default as identity,
        updated_at timestamp(6),
        email varchar(255) not null unique,
        full_name varchar(255) not null,
        password_hash varchar(255) not null,
        phone varchar(255),
        primary key (id)
    )
Hibernate: 
    create table registration_pending (
        created_at timestamp(6),
        expires_at timestamp(6) not null,
        id bigint generated by default as identity,
        updated_at timestamp(6),
        email varchar(255) not null unique,
        full_name varchar(255) not null,
        password_hash varchar(255) not null,
        phone varchar(255),
        primary key (id)
    )
2026-04-05T17:41:10.841+07:00 DEBUG 26228 --- [BookStore] [           main] org.hibernate.SQL                        : 
    create table users (
        date_of_birth date,
        reward_points integer,
        total_spent numeric(38,2),
        created_at timestamp(6),
        email_verified_at timestamp(6),
        id bigint generated by default as identity,
        last_login_at timestamp(6),
        phone_verified_at timestamp(6),
        tier_id bigint,
        updated_at timestamp(6),
        avatar_url varchar(255),
        email varchar(255),
        full_name varchar(255),
        password_hash varchar(255),
        phone varchar(255),
        gender enum ('female','male','other'),
        status enum ('active','banned','inactive'),
        primary key (id)
    )
Hibernate: 
    create table users (
        date_of_birth date,
        reward_points integer,
        total_spent numeric(38,2),
        created_at timestamp(6),
        email_verified_at timestamp(6),
        id bigint generated by default as identity,
        last_login_at timestamp(6),
        phone_verified_at timestamp(6),
        tier_id bigint,
        updated_at timestamp(6),
        avatar_url varchar(255),
        email varchar(255),
        full_name varchar(255),
        password_hash varchar(255),
        phone varchar(255),
        gender enum ('female','male','other'),
        status enum ('active','banned','inactive'),
        primary key (id)
    )
2026-04-05T17:41:10.842+07:00 DEBUG 26228 --- [BookStore] [           main] org.hibernate.SQL                        : 
    alter table if exists book_authors 
       add constraint FKo86065vktj3hy1m7syr9cn7va 
       foreign key (author_id) 
       references authors
Hibernate: 
    alter table if exists book_authors 
       add constraint FKo86065vktj3hy1m7syr9cn7va 
       foreign key (author_id) 
       references authors
2026-04-05T17:41:10.852+07:00 DEBUG 26228 --- [BookStore] [           main] org.hibernate.SQL                        : 
    alter table if exists book_authors 
       add constraint FKbhqtkv2cndf10uhtknaqbyo0a 
       foreign key (book_id) 
       references books
Hibernate: 
    alter table if exists book_authors 
       add constraint FKbhqtkv2cndf10uhtknaqbyo0a 
       foreign key (book_id) 
       references books
2026-04-05T17:41:10.853+07:00 DEBUG 26228 --- [BookStore] [           main] org.hibernate.SQL                        : 
    alter table if exists book_images 
       add constraint FKcnpy06tjmrsjisjf2bqpuvvbl 
       foreign key (book_id) 
       references books
Hibernate: 
    alter table if exists book_images 
       add constraint FKcnpy06tjmrsjisjf2bqpuvvbl 
       foreign key (book_id) 
       references books
2026-04-05T17:41:10.854+07:00 DEBUG 26228 --- [BookStore] [           main] org.hibernate.SQL                        : 
    alter table if exists book_variants 
       add constraint FKp7cdbo2eat01v0dwt40infx6 
       foreign key (book_id) 
       references books
Hibernate: 
    alter table if exists book_variants 
       add constraint FKp7cdbo2eat01v0dwt40infx6 
       foreign key (book_id) 
       references books
2026-04-05T17:41:10.855+07:00 DEBUG 26228 --- [BookStore] [           main] org.hibernate.SQL                        : 
    alter table if exists book_variants 
       add constraint FK3jlkkxlsjn9u06waianpuce2e 
       foreign key (publisher_id) 
       references publishers
Hibernate: 
    alter table if exists book_variants 
       add constraint FK3jlkkxlsjn9u06waianpuce2e 
       foreign key (publisher_id) 
       references publishers
2026-04-05T17:41:10.856+07:00 DEBUG 26228 --- [BookStore] [           main] org.hibernate.SQL                        : 
    alter table if exists books 
       add constraint FKleqa3hhc0uhfvurq6mil47xk0 
       foreign key (category_id) 
       references categories
Hibernate: 
    alter table if exists books 
       add constraint FKleqa3hhc0uhfvurq6mil47xk0 
       foreign key (category_id) 
       references categories
2026-04-05T17:41:10.857+07:00 DEBUG 26228 --- [BookStore] [           main] org.hibernate.SQL                        : 
    alter table if exists books 
       add constraint FKayy5edfrqnegqj3882nce6qo8 
       foreign key (publisher_id) 
       references publishers
Hibernate: 
    alter table if exists books 
       add constraint FKayy5edfrqnegqj3882nce6qo8 
       foreign key (publisher_id) 
       references publishers
2026-04-05T17:41:10.858+07:00 DEBUG 26228 --- [BookStore] [           main] org.hibernate.SQL                        : 
    alter table if exists categories 
       add constraint FKsaok720gsu4u2wrgbk10b5n8d 
       foreign key (parent_id) 
       references categories
Hibernate: 
    alter table if exists categories 
       add constraint FKsaok720gsu4u2wrgbk10b5n8d 
       foreign key (parent_id) 
       references categories
2026-04-05T17:41:10.858+07:00 DEBUG 26228 --- [BookStore] [           main] org.hibernate.SQL                        : 
    alter table if exists inventory 
       add constraint FKdoru7dxlbe18he1ipojaif90a 
       foreign key (variant_id) 
       references book_variants
Hibernate: 
    alter table if exists inventory 
       add constraint FKdoru7dxlbe18he1ipojaif90a 
       foreign key (variant_id) 
       references book_variants
2026-04-05T17:41:10.859+07:00 DEBUG 26228 --- [BookStore] [           main] org.hibernate.SQL                        : 
    alter table if exists otp_codes 
       add constraint FKt9j4to767daef0ws3fiixis0y 
       foreign key (user_id) 
       references users
Hibernate: 
    alter table if exists otp_codes 
       add constraint FKt9j4to767daef0ws3fiixis0y 
       foreign key (user_id) 
       references users
2026-04-05T17:41:10.860+07:00 DEBUG 26228 --- [BookStore] [           main] org.hibernate.SQL                        : 
    alter table if exists refresh_tokens 
       add constraint FK1lih5y2npsf8u5o3vhdb9y0os 
       foreign key (user_id) 
       references users
Hibernate: 
    alter table if exists refresh_tokens 
       add constraint FK1lih5y2npsf8u5o3vhdb9y0os 
       foreign key (user_id) 
       references users
2026-04-05T17:41:10.861+07:00 DEBUG 26228 --- [BookStore] [           main] org.hibernate.SQL                        : 
    alter table if exists users 
       add constraint FK3ypmx5rdf0e5xrwaje5mdfv6d 
       foreign key (tier_id) 
       references customer_tiers
Hibernate: 
    alter table if exists users 
       add constraint FK3ypmx5rdf0e5xrwaje5mdfv6d 
       foreign key (tier_id) 
       references customer_tiers
2026-04-05T17:41:10.866+07:00  INFO 26228 --- [BookStore] [           main] j.LocalContainerEntityManagerFactoryBean : Initialized JPA EntityManagerFactory for persistence unit 'default'
2026-04-05T17:41:11.233+07:00  INFO 26228 --- [BookStore] [           main] o.s.d.j.r.query.QueryEnhancerFactory     : Hibernate is in classpath; If applicable, HQL parser will be used.
2026-04-05T17:41:11.926+07:00  INFO 26228 --- [BookStore] [           main] c.b.repository.CategoryRepositoryTest    : Started CategoryRepositoryTest in 4.907 seconds (process running for 6.53)
2026-04-05T17:41:12.341+07:00 DEBUG 26228 --- [BookStore] [           main] org.hibernate.SQL                        : 
    /* insert for
        com.bookstore.domain.entity.CategoryEntity */insert 
    into
        categories (created_at, image_url, is_active, level, name, parent_id, slug, sort_order, updated_at, id) 
    values
        (?, ?, ?, ?, ?, ?, ?, ?, ?, default)
Hibernate: 
    /* insert for
        com.bookstore.domain.entity.CategoryEntity */insert 
    into
        categories (created_at, image_url, is_active, level, name, parent_id, slug, sort_order, updated_at, id) 
    values
        (?, ?, ?, ?, ?, ?, ?, ?, ?, default)
2026-04-05T17:41:12.368+07:00 DEBUG 26228 --- [BookStore] [           main] org.hibernate.SQL                        : 
    /* insert for
        com.bookstore.domain.entity.CategoryEntity */insert 
    into
        categories (created_at, image_url, is_active, level, name, parent_id, slug, sort_order, updated_at, id) 
    values
        (?, ?, ?, ?, ?, ?, ?, ?, ?, default)
Hibernate: 
    /* insert for
        com.bookstore.domain.entity.CategoryEntity */insert 
    into
        categories (created_at, image_url, is_active, level, name, parent_id, slug, sort_order, updated_at, id) 
    values
        (?, ?, ?, ?, ?, ?, ?, ?, ?, default)
2026-04-05T17:41:12.369+07:00 DEBUG 26228 --- [BookStore] [           main] org.hibernate.SQL                        : 
    /* insert for
        com.bookstore.domain.entity.CategoryEntity */insert 
    into
        categories (created_at, image_url, is_active, level, name, parent_id, slug, sort_order, updated_at, id) 
    values
        (?, ?, ?, ?, ?, ?, ?, ?, ?, default)
Hibernate: 
    /* insert for
        com.bookstore.domain.entity.CategoryEntity */insert 
    into
        categories (created_at, image_url, is_active, level, name, parent_id, slug, sort_order, updated_at, id) 
    values
        (?, ?, ?, ?, ?, ?, ?, ?, ?, default)
2026-04-05T17:41:12.371+07:00 DEBUG 26228 --- [BookStore] [           main] org.hibernate.SQL                        : 
    /* insert for
        com.bookstore.domain.entity.CategoryEntity */insert 
    into
        categories (created_at, image_url, is_active, level, name, parent_id, slug, sort_order, updated_at, id) 
    values
        (?, ?, ?, ?, ?, ?, ?, ?, ?, default)
Hibernate: 
    /* insert for
        com.bookstore.domain.entity.CategoryEntity */insert 
    into
        categories (created_at, image_url, is_active, level, name, parent_id, slug, sort_order, updated_at, id) 
    values
        (?, ?, ?, ?, ?, ?, ?, ?, ?, default)
2026-04-05T17:41:12.417+07:00 DEBUG 26228 --- [BookStore] [           main] org.hibernate.SQL                        : 
    /* <criteria> */ select
        ce1_0.id,
        ce1_0.created_at,
        ce1_0.image_url,
        ce1_0.is_active,
        ce1_0.level,
        ce1_0.name,
        ce1_0.parent_id,
        ce1_0.slug,
        ce1_0.sort_order,
        ce1_0.updated_at 
    from
        categories ce1_0 
    where
        ce1_0.parent_id is null 
        and ce1_0.is_active 
    order by
        ce1_0.sort_order
Hibernate: 
    /* <criteria> */ select
        ce1_0.id,
        ce1_0.created_at,
        ce1_0.image_url,
        ce1_0.is_active,
        ce1_0.level,
        ce1_0.name,
        ce1_0.parent_id,
        ce1_0.slug,
        ce1_0.sort_order,
        ce1_0.updated_at 
    from
        categories ce1_0 
    where
        ce1_0.parent_id is null 
        and ce1_0.is_active 
    order by
        ce1_0.sort_order
]]></system-out>
    <system-err><![CDATA[WARNING: A Java agent has been loaded dynamically (C:\Users\Admin\.m2\repository\net\bytebuddy\byte-buddy-agent\1.14.19\byte-buddy-agent-1.14.19.jar)
WARNING: If a serviceability tool is in use, please run with -XX:+EnableDynamicAgentLoading to hide this warning
WARNING: If a serviceability tool is not in use, please run with -Djdk.instrument.traceUsage for more information
WARNING: Dynamic loading of agents will be disallowed by default in a future release
]]></system-err>
  </testcase>
</testsuite>